2025-05-09 06:47:48,790 - INFO    : Set export strategy to KittiFormat.
2025-05-09 06:47:48,790 - INFO    : Saving rotations relatively to positve x-axis in radians (-pi..+pi).
2025-05-09 06:50:09,158 - WARNING : Point cloud path pointclouds is not a valid directory.
2025-05-09 06:50:13,565 - INFO    : Loading point cloud from /usr/local/lib/python3.10/dist-packages/labelCloud/resources/labelCloud_icon.pcd using Open3DHandler.
2025-05-09 06:50:13,574 - INFO    : ====================== Loading labelCloud_icon.pcd =======================
2025-05-09 06:50:13,588 - INFO    : Successfully loaded point cloud from /usr/local/lib/python3.10/dist-packages/labelCloud/resources/labelCloud_icon.pcd!
2025-05-09 06:50:13,590 - INFO    : Number of Points:       12034          
2025-05-09 06:50:13,590 - INFO    : Number of Colors:       12034          
2025-05-09 06:50:13,590 - INFO    : Point Cloud Center:     [4.98 3.57 1.2 ]        
2025-05-09 06:50:13,590 - INFO    : Point Cloud Minimums:   [0.96 0.96 0.9 ]        
2025-05-09 06:50:13,590 - INFO    : Point Cloud Maximums:   [9.1  5.72 1.5 ]        
2025-05-09 06:50:13,590 - INFO    : Initial Translation:    [ -4.98  -3.57 -10.65]  
2025-05-09 06:50:13,590 - INFO    : ==========================================================================
2025-05-09 06:50:13,600 - INFO    : Intialized widget.
2025-05-09 06:50:13,601 - INFO    : Resized widget.
2025-05-09 06:50:13,632 - INFO    : Showing GUI...
2025-05-09 06:50:13,667 - INFO    : Resized widget.
2025-05-09 06:50:14,762 - INFO    : Resized widget.
2025-05-09 06:50:16,521 - INFO    : Resized widget.
2025-05-09 06:50:25,688 - INFO    : Loading next point cloud...
2025-05-09 06:50:25,688 - INFO    : Loading point cloud from /lidar3d_detection_ws/data/innoviz/000000.bin using NumpyHandler.
2025-05-09 06:50:25,694 - INFO    : =========================== Loading 000000.bin ===========================
2025-05-09 06:50:25,922 - INFO    : Generated colors for colorless point cloud based on height.
2025-05-09 06:50:25,924 - INFO    : Successfully loaded point cloud from /lidar3d_detection_ws/data/innoviz/000000.bin!
2025-05-09 06:50:25,925 - INFO    : Number of Points:          115384            
2025-05-09 06:50:25,925 - INFO    : Number of Colors:          115384            
2025-05-09 06:50:25,925 - INFO    : Point Cloud Center:        [ 0.89  1.19 -0.97]        
2025-05-09 06:50:25,925 - INFO    : Point Cloud Minimums:      [-71.04 -21.1   -5.16]     
2025-05-09 06:50:25,925 - INFO    : Point Cloud Maximums:      [73.04 53.8   2.67]        
2025-05-09 06:50:25,925 - INFO    : Initial Translation:       [  -0.89   -1.19 -161.6 ]  
2025-05-09 06:50:25,925 - INFO    : ==========================================================================
2025-05-09 06:50:25,926 - INFO    : Changed point cloud folder to /lidar3d_detection_ws/data/innoviz!
2025-05-09 06:50:37,428 - INFO    : Updated label folder to ..
2025-05-09 06:50:37,428 - INFO    : Changed label folder to .!
2025-05-09 06:50:49,854 - INFO    : Set export strategy to KittiFormat.
2025-05-09 06:50:49,854 - INFO    : Saving rotations relatively to positve x-axis in radians (-pi..+pi).
2025-05-09 06:50:49,855 - INFO    : Saved and activated new configuration!
2025-05-09 06:51:09,175 - INFO    : Set export strategy to KittiFormat.
2025-05-09 06:51:09,177 - INFO    : Saving rotations relatively to positve x-axis in radians (-pi..+pi).
2025-05-09 06:51:09,177 - INFO    : Saved and activated new configuration!
2025-05-09 06:51:14,566 - INFO    : Exported 0 labels to labels/000000.txt in KittiFormat formatting!
2025-05-09 06:51:14,566 - INFO    : Loading next point cloud...
2025-05-09 06:51:14,567 - INFO    : Loading point cloud from /lidar3d_detection_ws/data/innoviz/000001.bin using NumpyHandler.
2025-05-09 06:51:14,572 - INFO    : =========================== Loading 000001.bin ===========================
2025-05-09 06:51:14,818 - INFO    : Generated colors for colorless point cloud based on height.
2025-05-09 06:51:14,819 - INFO    : Successfully loaded point cloud from /lidar3d_detection_ws/data/innoviz/000001.bin!
2025-05-09 06:51:14,820 - INFO    : Number of Points:                      120268                        
2025-05-09 06:51:14,820 - INFO    : Number of Colors:                      120268                        
2025-05-09 06:51:14,820 - INFO    : Point Cloud Center:                    [ 0.11  2.55 -1.32]                    
2025-05-09 06:51:14,820 - INFO    : Point Cloud Minimums:                  [-79.43 -55.32  -7.29]                 
2025-05-09 06:51:14,820 - INFO    : Point Cloud Maximums:                  [77.   57.72  2.9 ]                    
2025-05-09 06:51:14,820 - INFO    : Initial Translation:                   [-1.1000e-01 -2.5500e+00 -1.9195e+02]  
2025-05-09 06:51:14,820 - INFO    : ==========================================================================
2025-05-09 06:51:14,821 - WARNING : There is currently no active bounding box to manipulate.
2025-05-09 06:51:14,821 - WARNING : There is currently no active bounding box to manipulate.
2025-05-09 06:51:14,823 - WARNING : There is currently no active bounding box to manipulate.
2025-05-09 06:51:14,823 - WARNING : There is currently no active bounding box to manipulate.
2025-05-09 06:51:14,823 - WARNING : There is currently no active bounding box to manipulate.
2025-05-09 06:51:14,823 - INFO    : Alignmode was changed to False!
2025-05-09 06:51:14,823 - INFO    : Loaded 0 bboxes!
2025-05-09 06:51:14,823 - WARNING : There is currently no active bounding box to manipulate.
2025-05-09 06:51:14,823 - WARNING : There is currently no active bounding box to manipulate.
2025-05-09 06:51:14,823 - WARNING : There is currently no active bounding box to manipulate.
2025-05-09 06:51:14,823 - WARNING : There is currently no active bounding box to manipulate.
2025-05-09 06:51:14,823 - WARNING : There is currently no active bounding box to manipulate.
2025-05-09 06:51:14,823 - WARNING : There is currently no active bounding box to manipulate.
2025-05-09 06:51:14,832 - INFO    : Exported 0 labels to labels/000001.txt in KittiFormat formatting!
2025-05-09 06:51:14,833 - INFO    : Loading next point cloud...
2025-05-09 06:51:14,833 - INFO    : Loading point cloud from /lidar3d_detection_ws/data/innoviz/000002.bin using NumpyHandler.
2025-05-09 06:51:14,839 - INFO    : =========================== Loading 000002.bin ===========================
2025-05-09 06:51:15,140 - INFO    : Generated colors for colorless point cloud based on height.
2025-05-09 06:51:15,143 - INFO    : Successfully loaded point cloud from /lidar3d_detection_ws/data/innoviz/000002.bin!
2025-05-09 06:51:15,144 - INFO    : Number of Points:                      126891                        
2025-05-09 06:51:15,144 - INFO    : Number of Colors:                      126891                        
2025-05-09 06:51:15,144 - INFO    : Point Cloud Center:                    [ 0.17 -0.21 -0.87]                    
2025-05-09 06:51:15,145 - INFO    : Point Cloud Minimums:                  [-79.45 -72.2   -6.81]                 
2025-05-09 06:51:15,145 - INFO    : Point Cloud Maximums:                  [79.48  7.32  2.88]                    
2025-05-09 06:51:15,145 - INFO    : Initial Translation:                   [-1.7000e-01  2.1000e-01 -1.7711e+02]  
2025-05-09 06:51:15,145 - INFO    : ==========================================================================
2025-05-09 06:51:15,146 - WARNING : There is currently no active bounding box to manipulate.
2025-05-09 06:51:15,147 - WARNING : There is currently no active bounding box to manipulate.
2025-05-09 06:51:15,147 - WARNING : There is currently no active bounding box to manipulate.
2025-05-09 06:51:15,147 - WARNING : There is currently no active bounding box to manipulate.
2025-05-09 06:51:15,147 - WARNING : There is currently no active bounding box to manipulate.
2025-05-09 06:51:15,148 - WARNING : There is currently no active bounding box to manipulate.
2025-05-09 06:51:15,148 - INFO    : Alignmode was changed to False!
2025-05-09 06:51:15,148 - INFO    : Loaded 0 bboxes!
2025-05-09 06:51:15,148 - WARNING : There is currently no active bounding box to manipulate.
2025-05-09 06:51:15,148 - WARNING : There is currently no active bounding box to manipulate.
2025-05-09 06:51:15,149 - WARNING : There is currently no active bounding box to manipulate.
2025-05-09 06:51:15,149 - WARNING : There is currently no active bounding box to manipulate.
2025-05-09 06:51:15,149 - WARNING : There is currently no active bounding box to manipulate.
2025-05-09 06:51:15,149 - WARNING : There is currently no active bounding box to manipulate.
2025-05-09 06:51:15,165 - INFO    : Exported 0 labels to labels/000002.txt in KittiFormat formatting!
2025-05-09 06:51:15,165 - INFO    : Loading next point cloud...
2025-05-09 06:51:15,165 - INFO    : Loading point cloud from /lidar3d_detection_ws/data/innoviz/000003.bin using NumpyHandler.
2025-05-09 06:51:15,171 - INFO    : =========================== Loading 000003.bin ===========================
2025-05-09 06:51:15,407 - INFO    : Generated colors for colorless point cloud based on height.
2025-05-09 06:51:15,409 - INFO    : Successfully loaded point cloud from /lidar3d_detection_ws/data/innoviz/000003.bin!
2025-05-09 06:51:15,410 - INFO    : Number of Points:          113110            
2025-05-09 06:51:15,410 - INFO    : Number of Colors:          113110            
2025-05-09 06:51:15,410 - INFO    : Point Cloud Center:        [-1.26 -0.2  -0.94]        
2025-05-09 06:51:15,410 - INFO    : Point Cloud Minimums:      [-79.72 -30.15 -13.02]     
2025-05-09 06:51:15,410 - INFO    : Point Cloud Maximums:      [79.72 28.42  2.91]        
2025-05-09 06:51:15,410 - INFO    : Initial Translation:       [   1.26    0.2  -169.67]  
2025-05-09 06:51:15,410 - INFO    : ==========================================================================
2025-05-09 06:51:15,411 - WARNING : There is currently no active bounding box to manipulate.
2025-05-09 06:51:15,411 - WARNING : There is currently no active bounding box to manipulate.
2025-05-09 06:51:15,411 - WARNING : There is currently no active bounding box to manipulate.
2025-05-09 06:51:15,411 - WARNING : There is currently no active bounding box to manipulate.
2025-05-09 06:51:15,411 - WARNING : There is currently no active bounding box to manipulate.
2025-05-09 06:51:15,411 - WARNING : There is currently no active bounding box to manipulate.
2025-05-09 06:51:15,411 - INFO    : Alignmode was changed to False!
2025-05-09 06:51:15,412 - INFO    : Loaded 0 bboxes!
2025-05-09 06:51:15,412 - WARNING : There is currently no active bounding box to manipulate.
2025-05-09 06:51:15,412 - WARNING : There is currently no active bounding box to manipulate.
2025-05-09 06:51:15,412 - WARNING : There is currently no active bounding box to manipulate.
2025-05-09 06:51:15,412 - WARNING : There is currently no active bounding box to manipulate.
2025-05-09 06:51:15,412 - WARNING : There is currently no active bounding box to manipulate.
2025-05-09 06:51:15,412 - WARNING : There is currently no active bounding box to manipulate.
2025-05-09 06:51:15,450 - INFO    : Exported 0 labels to labels/000003.txt in KittiFormat formatting!
2025-05-09 06:51:15,451 - INFO    : Loading next point cloud...
2025-05-09 06:51:15,451 - INFO    : Loading point cloud from /lidar3d_detection_ws/data/innoviz/000004.bin using NumpyHandler.
2025-05-09 06:51:15,458 - INFO    : =========================== Loading 000004.bin ===========================
2025-05-09 06:51:15,687 - INFO    : Generated colors for colorless point cloud based on height.
2025-05-09 06:51:15,689 - INFO    : Successfully loaded point cloud from /lidar3d_detection_ws/data/innoviz/000004.bin!
2025-05-09 06:51:15,689 - INFO    : Number of Points:          115976            
2025-05-09 06:51:15,689 - INFO    : Number of Colors:          115976            
2025-05-09 06:51:15,689 - INFO    : Point Cloud Center:        [ 0.96 -1.42 -1.31]        
2025-05-09 06:51:15,690 - INFO    : Point Cloud Minimums:      [-79.3  -75.22  -5.67]     
2025-05-09 06:51:15,690 - INFO    : Point Cloud Maximums:      [79.03 53.15  2.9 ]        
2025-05-09 06:51:15,690 - INFO    : Initial Translation:       [  -0.96    1.42 -202.71]  
2025-05-09 06:51:15,690 - INFO    : ==========================================================================
2025-05-09 06:51:15,690 - WARNING : There is currently no active bounding box to manipulate.
2025-05-09 06:51:15,690 - WARNING : There is currently no active bounding box to manipulate.
2025-05-09 06:51:15,690 - WARNING : There is currently no active bounding box to manipulate.
2025-05-09 06:51:15,690 - WARNING : There is currently no active bounding box to manipulate.
2025-05-09 06:51:15,691 - WARNING : There is currently no active bounding box to manipulate.
2025-05-09 06:51:15,691 - WARNING : There is currently no active bounding box to manipulate.
2025-05-09 06:51:15,691 - INFO    : Alignmode was changed to False!
2025-05-09 06:51:15,691 - INFO    : Loaded 0 bboxes!
2025-05-09 06:51:15,691 - WARNING : There is currently no active bounding box to manipulate.
2025-05-09 06:51:15,691 - WARNING : There is currently no active bounding box to manipulate.
2025-05-09 06:51:15,691 - WARNING : There is currently no active bounding box to manipulate.
2025-05-09 06:51:15,691 - WARNING : There is currently no active bounding box to manipulate.
2025-05-09 06:51:15,691 - WARNING : There is currently no active bounding box to manipulate.
2025-05-09 06:51:15,691 - WARNING : There is currently no active bounding box to manipulate.
2025-05-09 06:51:15,732 - INFO    : Exported 0 labels to labels/000004.txt in KittiFormat formatting!
2025-05-09 06:51:15,732 - INFO    : Loading next point cloud...
2025-05-09 06:51:15,732 - INFO    : Loading point cloud from /lidar3d_detection_ws/data/innoviz/000005.bin using NumpyHandler.
2025-05-09 06:51:15,740 - INFO    : =========================== Loading 000005.bin ===========================
2025-05-09 06:51:16,111 - INFO    : Generated colors for colorless point cloud based on height.
2025-05-09 06:51:16,113 - INFO    : Successfully loaded point cloud from /lidar3d_detection_ws/data/innoviz/000005.bin!
2025-05-09 06:51:16,114 - INFO    : Number of Points:          125086            
2025-05-09 06:51:16,114 - INFO    : Number of Colors:          125086            
2025-05-09 06:51:16,114 - INFO    : Point Cloud Center:        [ 0.2 -0.3 -1.3]           
2025-05-09 06:51:16,114 - INFO    : Point Cloud Minimums:      [-79.8  -40.11  -2.76]     
2025-05-09 06:51:16,114 - INFO    : Point Cloud Maximums:      [79.28 22.44  2.89]        
2025-05-09 06:51:16,114 - INFO    : Initial Translation:       [  -0.2     0.3  -169.72]  
2025-05-09 06:51:16,114 - INFO    : ==========================================================================
2025-05-09 06:51:16,115 - WARNING : There is currently no active bounding box to manipulate.
2025-05-09 06:51:16,115 - WARNING : There is currently no active bounding box to manipulate.
2025-05-09 06:51:16,115 - WARNING : There is currently no active bounding box to manipulate.
2025-05-09 06:51:16,115 - WARNING : There is currently no active bounding box to manipulate.
2025-05-09 06:51:16,115 - WARNING : There is currently no active bounding box to manipulate.
2025-05-09 06:51:16,115 - WARNING : There is currently no active bounding box to manipulate.
2025-05-09 06:51:16,115 - INFO    : Alignmode was changed to False!
2025-05-09 06:51:16,115 - INFO    : Loaded 0 bboxes!
2025-05-09 06:51:16,116 - WARNING : There is currently no active bounding box to manipulate.
2025-05-09 06:51:16,116 - WARNING : There is currently no active bounding box to manipulate.
2025-05-09 06:51:16,116 - WARNING : There is currently no active bounding box to manipulate.
2025-05-09 06:51:16,116 - WARNING : There is currently no active bounding box to manipulate.
2025-05-09 06:51:16,116 - WARNING : There is currently no active bounding box to manipulate.
2025-05-09 06:51:16,116 - WARNING : There is currently no active bounding box to manipulate.
2025-05-09 06:51:18,664 - INFO    : Exported 0 labels to labels/000005.txt in KittiFormat formatting!
2025-05-09 06:51:18,664 - INFO    : Loading next point cloud...
2025-05-09 06:51:18,664 - INFO    : Loading point cloud from /lidar3d_detection_ws/data/innoviz/000006.bin using NumpyHandler.
2025-05-09 06:51:18,672 - INFO    : =========================== Loading 000006.bin ===========================
2025-05-09 06:51:18,967 - INFO    : Generated colors for colorless point cloud based on height.
2025-05-09 06:51:18,968 - INFO    : Successfully loaded point cloud from /lidar3d_detection_ws/data/innoviz/000006.bin!
2025-05-09 06:51:18,969 - INFO    : Number of Points:                      110089                        
2025-05-09 06:51:18,969 - INFO    : Number of Colors:                      110089                        
2025-05-09 06:51:18,969 - INFO    : Point Cloud Center:                    [ 0.2   0.58 -1.06]                    
2025-05-09 06:51:18,969 - INFO    : Point Cloud Minimums:                  [-77.94 -75.21 -26.02]                 
2025-05-09 06:51:18,969 - INFO    : Point Cloud Maximums:                  [79.94 76.19  2.86]                    
2025-05-09 06:51:18,969 - INFO    : Initial Translation:                   [-2.0000e-01 -5.8000e-01 -2.1958e+02]  
2025-05-09 06:51:18,969 - INFO    : ==========================================================================
2025-05-09 06:51:18,970 - WARNING : There is currently no active bounding box to manipulate.
2025-05-09 06:51:18,970 - WARNING : There is currently no active bounding box to manipulate.
2025-05-09 06:51:18,970 - WARNING : There is currently no active bounding box to manipulate.
2025-05-09 06:51:18,970 - WARNING : There is currently no active bounding box to manipulate.
2025-05-09 06:51:18,970 - WARNING : There is currently no active bounding box to manipulate.
2025-05-09 06:51:18,971 - WARNING : There is currently no active bounding box to manipulate.
2025-05-09 06:51:18,971 - INFO    : Alignmode was changed to False!
2025-05-09 06:51:18,971 - INFO    : Loaded 0 bboxes!
2025-05-09 06:51:18,971 - WARNING : There is currently no active bounding box to manipulate.
2025-05-09 06:51:18,971 - WARNING : There is currently no active bounding box to manipulate.
2025-05-09 06:51:18,971 - WARNING : There is currently no active bounding box to manipulate.
2025-05-09 06:51:18,971 - WARNING : There is currently no active bounding box to manipulate.
2025-05-09 06:51:18,971 - WARNING : There is currently no active bounding box to manipulate.
2025-05-09 06:51:18,971 - WARNING : There is currently no active bounding box to manipulate.
2025-05-09 06:51:19,564 - INFO    : Exported 0 labels to labels/000006.txt in KittiFormat formatting!
2025-05-09 06:51:19,564 - INFO    : Loading next point cloud...
2025-05-09 06:51:19,565 - INFO    : Loading point cloud from /lidar3d_detection_ws/data/innoviz/000007.bin using NumpyHandler.
2025-05-09 06:51:19,569 - INFO    : =========================== Loading 000007.bin ===========================
2025-05-09 06:51:19,879 - INFO    : Generated colors for colorless point cloud based on height.
2025-05-09 06:51:19,881 - INFO    : Successfully loaded point cloud from /lidar3d_detection_ws/data/innoviz/000007.bin!
2025-05-09 06:51:19,881 - INFO    : Number of Points:                      122798                        
2025-05-09 06:51:19,881 - INFO    : Number of Colors:                      122798                        
2025-05-09 06:51:19,881 - INFO    : Point Cloud Center:                    [-0.11 -0.66 -1.35]                    
2025-05-09 06:51:19,881 - INFO    : Point Cloud Minimums:                  [-79.26 -67.33  -3.06]                 
2025-05-09 06:51:19,881 - INFO    : Point Cloud Maximums:                  [79.75 62.39  2.9 ]                    
2025-05-09 06:51:19,881 - INFO    : Initial Translation:                   [ 1.1000e-01  6.6000e-01 -2.0396e+02]  
2025-05-09 06:51:19,881 - INFO    : ==========================================================================
2025-05-09 06:51:19,882 - WARNING : There is currently no active bounding box to manipulate.
2025-05-09 06:51:19,882 - WARNING : There is currently no active bounding box to manipulate.
2025-05-09 06:51:19,882 - WARNING : There is currently no active bounding box to manipulate.
2025-05-09 06:51:19,882 - WARNING : There is currently no active bounding box to manipulate.
2025-05-09 06:51:19,882 - WARNING : There is currently no active bounding box to manipulate.
2025-05-09 06:51:19,882 - WARNING : There is currently no active bounding box to manipulate.
2025-05-09 06:51:19,883 - INFO    : Alignmode was changed to False!
2025-05-09 06:51:19,883 - INFO    : Loaded 0 bboxes!
2025-05-09 06:51:19,883 - WARNING : There is currently no active bounding box to manipulate.
2025-05-09 06:51:19,883 - WARNING : There is currently no active bounding box to manipulate.
2025-05-09 06:51:19,883 - WARNING : There is currently no active bounding box to manipulate.
2025-05-09 06:51:19,883 - WARNING : There is currently no active bounding box to manipulate.
2025-05-09 06:51:19,883 - WARNING : There is currently no active bounding box to manipulate.
2025-05-09 06:51:19,883 - WARNING : There is currently no active bounding box to manipulate.
2025-05-09 06:51:20,415 - INFO    : Exported 0 labels to labels/000007.txt in KittiFormat formatting!
2025-05-09 06:51:20,415 - INFO    : Loading next point cloud...
2025-05-09 06:51:20,415 - INFO    : Loading point cloud from /lidar3d_detection_ws/data/innoviz/000008.bin using NumpyHandler.
2025-05-09 06:51:20,423 - INFO    : =========================== Loading 000008.bin ===========================
2025-05-09 06:51:20,663 - INFO    : Generated colors for colorless point cloud based on height.
2025-05-09 06:51:20,665 - INFO    : Successfully loaded point cloud from /lidar3d_detection_ws/data/innoviz/000008.bin!
2025-05-09 06:51:20,666 - INFO    : Number of Points:          122555            
2025-05-09 06:51:20,666 - INFO    : Number of Colors:          122555            
2025-05-09 06:51:20,666 - INFO    : Point Cloud Center:        [-1.38  0.46 -1.03]        
2025-05-09 06:51:20,666 - INFO    : Point Cloud Minimums:      [-51.18 -34.06 -15.93]     
2025-05-09 06:51:20,666 - INFO    : Point Cloud Maximums:      [76.84 69.39  2.9 ]        
2025-05-09 06:51:20,666 - INFO    : Initial Translation:       [   1.38   -0.46 -164.64]  
2025-05-09 06:51:20,666 - INFO    : ==========================================================================
2025-05-09 06:51:20,668 - WARNING : There is currently no active bounding box to manipulate.
2025-05-09 06:51:20,668 - WARNING : There is currently no active bounding box to manipulate.
2025-05-09 06:51:20,668 - WARNING : There is currently no active bounding box to manipulate.
2025-05-09 06:51:20,668 - WARNING : There is currently no active bounding box to manipulate.
2025-05-09 06:51:20,668 - WARNING : There is currently no active bounding box to manipulate.
2025-05-09 06:51:20,668 - WARNING : There is currently no active bounding box to manipulate.
2025-05-09 06:51:20,668 - INFO    : Alignmode was changed to False!
2025-05-09 06:51:20,668 - INFO    : Loaded 0 bboxes!
2025-05-09 06:51:20,668 - WARNING : There is currently no active bounding box to manipulate.
2025-05-09 06:51:20,668 - WARNING : There is currently no active bounding box to manipulate.
2025-05-09 06:51:20,668 - WARNING : There is currently no active bounding box to manipulate.
2025-05-09 06:51:20,668 - WARNING : There is currently no active bounding box to manipulate.
2025-05-09 06:51:20,668 - WARNING : There is currently no active bounding box to manipulate.
2025-05-09 06:51:20,668 - WARNING : There is currently no active bounding box to manipulate.
2025-05-09 06:51:21,139 - INFO    : Exported 0 labels to labels/000008.txt in KittiFormat formatting!
2025-05-09 06:51:21,139 - INFO    : Loading next point cloud...
2025-05-09 06:51:21,140 - INFO    : Loading point cloud from /lidar3d_detection_ws/data/innoviz/000009.bin using NumpyHandler.
2025-05-09 06:51:21,146 - INFO    : =========================== Loading 000009.bin ===========================
2025-05-09 06:51:21,394 - INFO    : Generated colors for colorless point cloud based on height.
2025-05-09 06:51:21,396 - INFO    : Successfully loaded point cloud from /lidar3d_detection_ws/data/innoviz/000009.bin!
2025-05-09 06:51:21,396 - INFO    : Number of Points:                      123928                        
2025-05-09 06:51:21,397 - INFO    : Number of Colors:                      123928                        
2025-05-09 06:51:21,397 - INFO    : Point Cloud Center:                    [ 0.02 -0.69 -1.28]                    
2025-05-09 06:51:21,397 - INFO    : Point Cloud Minimums:                  [-79.38 -72.78  -2.42]                 
2025-05-09 06:51:21,397 - INFO    : Point Cloud Maximums:                  [79.62 60.33  2.91]                    
2025-05-09 06:51:21,397 - INFO    : Initial Translation:                   [-2.0000e-02  6.9000e-01 -2.0616e+02]  
2025-05-09 06:51:21,397 - INFO    : ==========================================================================
2025-05-09 06:51:21,398 - WARNING : There is currently no active bounding box to manipulate.
2025-05-09 06:51:21,398 - WARNING : There is currently no active bounding box to manipulate.
2025-05-09 06:51:21,398 - WARNING : There is currently no active bounding box to manipulate.
2025-05-09 06:51:21,398 - WARNING : There is currently no active bounding box to manipulate.
2025-05-09 06:51:21,398 - WARNING : There is currently no active bounding box to manipulate.
2025-05-09 06:51:21,399 - WARNING : There is currently no active bounding box to manipulate.
2025-05-09 06:51:21,399 - INFO    : Alignmode was changed to False!
2025-05-09 06:51:21,399 - INFO    : Loaded 0 bboxes!
2025-05-09 06:51:21,399 - WARNING : There is currently no active bounding box to manipulate.
2025-05-09 06:51:21,399 - WARNING : There is currently no active bounding box to manipulate.
2025-05-09 06:51:21,399 - WARNING : There is currently no active bounding box to manipulate.
2025-05-09 06:51:21,399 - WARNING : There is currently no active bounding box to manipulate.
2025-05-09 06:51:21,399 - WARNING : There is currently no active bounding box to manipulate.
2025-05-09 06:51:21,399 - WARNING : There is currently no active bounding box to manipulate.
2025-05-09 06:51:22,611 - INFO    : Exported 0 labels to labels/000009.txt in KittiFormat formatting!
2025-05-09 06:51:22,612 - INFO    : Loading next point cloud...
2025-05-09 06:51:22,612 - INFO    : Loading point cloud from /lidar3d_detection_ws/data/innoviz/000010.bin using NumpyHandler.
2025-05-09 06:51:22,621 - INFO    : =========================== Loading 000010.bin ===========================
2025-05-09 06:51:22,909 - INFO    : Generated colors for colorless point cloud based on height.
2025-05-09 06:51:22,911 - INFO    : Successfully loaded point cloud from /lidar3d_detection_ws/data/innoviz/000010.bin!
2025-05-09 06:51:22,912 - INFO    : Number of Points:          115875            
2025-05-09 06:51:22,912 - INFO    : Number of Colors:          115875            
2025-05-09 06:51:22,912 - INFO    : Point Cloud Center:        [-0.24  1.59 -1.19]        
2025-05-09 06:51:22,912 - INFO    : Point Cloud Minimums:      [-60.41 -68.25 -14.14]     
2025-05-09 06:51:22,912 - INFO    : Point Cloud Maximums:      [78.36 61.64  2.91]        
2025-05-09 06:51:22,912 - INFO    : Initial Translation:       [   0.24   -1.59 -189.65]  
2025-05-09 06:51:22,912 - INFO    : ==========================================================================
2025-05-09 06:51:22,913 - WARNING : There is currently no active bounding box to manipulate.
2025-05-09 06:51:22,913 - WARNING : There is currently no active bounding box to manipulate.
2025-05-09 06:51:22,913 - WARNING : There is currently no active bounding box to manipulate.
2025-05-09 06:51:22,913 - WARNING : There is currently no active bounding box to manipulate.
2025-05-09 06:51:22,913 - WARNING : There is currently no active bounding box to manipulate.
2025-05-09 06:51:22,913 - WARNING : There is currently no active bounding box to manipulate.
2025-05-09 06:51:22,913 - INFO    : Alignmode was changed to False!
2025-05-09 06:51:22,913 - INFO    : Loaded 0 bboxes!
2025-05-09 06:51:22,913 - WARNING : There is currently no active bounding box to manipulate.
2025-05-09 06:51:22,914 - WARNING : There is currently no active bounding box to manipulate.
2025-05-09 06:51:22,914 - WARNING : There is currently no active bounding box to manipulate.
2025-05-09 06:51:22,914 - WARNING : There is currently no active bounding box to manipulate.
2025-05-09 06:51:22,914 - WARNING : There is currently no active bounding box to manipulate.
2025-05-09 06:51:22,914 - WARNING : There is currently no active bounding box to manipulate.
2025-05-09 06:51:24,772 - INFO    : Exported 0 labels to labels/000010.txt in KittiFormat formatting!
2025-05-09 06:51:24,772 - INFO    : Loading next point cloud...
2025-05-09 06:51:24,772 - INFO    : Loading point cloud from /lidar3d_detection_ws/data/innoviz/innoviz_00006.bin using NumpyHandler.
2025-05-09 06:51:24,782 - INFO    : ======================= Loading innoviz_00006.bin ========================
2025-05-09 06:51:25,208 - INFO    : Generated colors for colorless point cloud based on height.
2025-05-09 06:51:25,211 - INFO    : Successfully loaded point cloud from /lidar3d_detection_ws/data/innoviz/innoviz_00006.bin!
2025-05-09 06:51:25,211 - INFO    : Number of Points:       215073         
2025-05-09 06:51:25,211 - INFO    : Number of Colors:       215073         
2025-05-09 06:51:25,212 - INFO    : Point Cloud Center:     [ 9.21 -0.43 -0.24]     
2025-05-09 06:51:25,212 - INFO    : Point Cloud Minimums:   [  0.   -15.    -1.93]  
2025-05-09 06:51:25,212 - INFO    : Point Cloud Maximums:   [30.   15.    3.63]     
2025-05-09 06:51:25,212 - INFO    : Initial Translation:    [ -9.21   0.43 -42.54]  
2025-05-09 06:51:25,212 - INFO    : ==========================================================================
2025-05-09 06:51:25,212 - WARNING : There is currently no active bounding box to manipulate.
2025-05-09 06:51:25,212 - WARNING : There is currently no active bounding box to manipulate.
2025-05-09 06:51:25,213 - WARNING : There is currently no active bounding box to manipulate.
2025-05-09 06:51:25,213 - WARNING : There is currently no active bounding box to manipulate.
2025-05-09 06:51:25,213 - WARNING : There is currently no active bounding box to manipulate.
2025-05-09 06:51:25,213 - WARNING : There is currently no active bounding box to manipulate.
2025-05-09 06:51:25,213 - INFO    : Alignmode was changed to False!
2025-05-09 06:51:25,213 - INFO    : Loaded 0 bboxes!
2025-05-09 06:51:25,213 - WARNING : There is currently no active bounding box to manipulate.
2025-05-09 06:51:25,213 - WARNING : There is currently no active bounding box to manipulate.
2025-05-09 06:51:25,213 - WARNING : There is currently no active bounding box to manipulate.
2025-05-09 06:51:25,213 - WARNING : There is currently no active bounding box to manipulate.
2025-05-09 06:51:25,213 - WARNING : There is currently no active bounding box to manipulate.
2025-05-09 06:51:25,213 - WARNING : There is currently no active bounding box to manipulate.
2025-05-09 06:51:37,424 - INFO    : Exported 0 labels to labels/innoviz_00006.txt in KittiFormat formatting!
2025-05-09 06:51:37,424 - INFO    : Loading previous point cloud...
2025-05-09 06:51:37,424 - INFO    : Loading point cloud from /lidar3d_detection_ws/data/innoviz/000010.bin using NumpyHandler.
2025-05-09 06:51:37,429 - INFO    : =========================== Loading 000010.bin ===========================
2025-05-09 06:51:37,658 - INFO    : Generated colors for colorless point cloud based on height.
2025-05-09 06:51:37,660 - INFO    : Successfully loaded point cloud from /lidar3d_detection_ws/data/innoviz/000010.bin!
2025-05-09 06:51:37,661 - INFO    : Number of Points:          115875            
2025-05-09 06:51:37,661 - INFO    : Number of Colors:          115875            
2025-05-09 06:51:37,661 - INFO    : Point Cloud Center:        [-0.24  1.59 -1.19]        
2025-05-09 06:51:37,661 - INFO    : Point Cloud Minimums:      [-60.41 -68.25 -14.14]     
2025-05-09 06:51:37,661 - INFO    : Point Cloud Maximums:      [78.36 61.64  2.91]        
2025-05-09 06:51:37,661 - INFO    : Initial Translation:       [   0.24   -1.59 -189.65]  
2025-05-09 06:51:37,661 - INFO    : ==========================================================================
2025-05-09 06:51:37,662 - WARNING : There is currently no active bounding box to manipulate.
2025-05-09 06:51:37,662 - WARNING : There is currently no active bounding box to manipulate.
2025-05-09 06:51:37,662 - WARNING : There is currently no active bounding box to manipulate.
2025-05-09 06:51:37,662 - WARNING : There is currently no active bounding box to manipulate.
2025-05-09 06:51:37,662 - WARNING : There is currently no active bounding box to manipulate.
2025-05-09 06:51:37,662 - WARNING : There is currently no active bounding box to manipulate.
2025-05-09 06:51:37,662 - INFO    : Alignmode was changed to False!
2025-05-09 06:51:37,662 - INFO    : Imported 0 labels from labels/000010.txt.
2025-05-09 06:51:37,662 - INFO    : Loaded 0 bboxes!
2025-05-09 06:51:37,662 - WARNING : There is currently no active bounding box to manipulate.
2025-05-09 06:51:37,662 - WARNING : There is currently no active bounding box to manipulate.
2025-05-09 06:51:37,662 - WARNING : There is currently no active bounding box to manipulate.
2025-05-09 06:51:37,663 - WARNING : There is currently no active bounding box to manipulate.
2025-05-09 06:51:37,663 - WARNING : There is currently no active bounding box to manipulate.
2025-05-09 06:51:37,663 - WARNING : There is currently no active bounding box to manipulate.
2025-05-09 06:52:31,296 - INFO    : File labels/000010.txt already exists, replacing file ...
2025-05-09 06:52:31,297 - INFO    : Exported 0 labels to labels/000010.txt in KittiFormat formatting!
2025-05-09 06:52:31,297 - INFO    : Loading next point cloud...
2025-05-09 06:52:31,297 - INFO    : Loading point cloud from /lidar3d_detection_ws/data/innoviz/innoviz_00006.bin using NumpyHandler.
2025-05-09 06:52:31,307 - INFO    : ======================= Loading innoviz_00006.bin ========================
2025-05-09 06:52:31,826 - INFO    : Generated colors for colorless point cloud based on height.
2025-05-09 06:52:31,829 - INFO    : Successfully loaded point cloud from /lidar3d_detection_ws/data/innoviz/innoviz_00006.bin!
2025-05-09 06:52:31,830 - INFO    : Number of Points:       215073         
2025-05-09 06:52:31,830 - INFO    : Number of Colors:       215073         
2025-05-09 06:52:31,830 - INFO    : Point Cloud Center:     [ 9.21 -0.43 -0.24]     
2025-05-09 06:52:31,830 - INFO    : Point Cloud Minimums:   [  0.   -15.    -1.93]  
2025-05-09 06:52:31,830 - INFO    : Point Cloud Maximums:   [30.   15.    3.63]     
2025-05-09 06:52:31,830 - INFO    : Initial Translation:    [ -9.21   0.43 -42.54]  
2025-05-09 06:52:31,830 - INFO    : ==========================================================================
2025-05-09 06:52:31,831 - WARNING : There is currently no active bounding box to manipulate.
2025-05-09 06:52:31,831 - WARNING : There is currently no active bounding box to manipulate.
2025-05-09 06:52:31,831 - WARNING : There is currently no active bounding box to manipulate.
2025-05-09 06:52:31,831 - WARNING : There is currently no active bounding box to manipulate.
2025-05-09 06:52:31,831 - WARNING : There is currently no active bounding box to manipulate.
2025-05-09 06:52:31,831 - WARNING : There is currently no active bounding box to manipulate.
2025-05-09 06:52:31,832 - INFO    : Alignmode was changed to False!
2025-05-09 06:52:31,832 - INFO    : Imported 0 labels from labels/innoviz_00006.txt.
2025-05-09 06:52:31,832 - INFO    : Loaded 0 bboxes!
2025-05-09 06:52:31,832 - WARNING : There is currently no active bounding box to manipulate.
2025-05-09 06:52:31,832 - WARNING : There is currently no active bounding box to manipulate.
2025-05-09 06:52:31,832 - WARNING : There is currently no active bounding box to manipulate.
2025-05-09 06:52:31,832 - WARNING : There is currently no active bounding box to manipulate.
2025-05-09 06:52:31,832 - WARNING : There is currently no active bounding box to manipulate.
2025-05-09 06:52:31,832 - WARNING : There is currently no active bounding box to manipulate.
2025-05-09 06:57:40,210 - INFO    : Enabled drawing mode.
2025-05-09 06:58:14,291 - WARNING : There is currently no active bounding box to manipulate.
2025-05-09 06:58:14,291 - WARNING : There is currently no active bounding box to manipulate.
2025-05-09 06:58:14,292 - WARNING : There is currently no active bounding box to manipulate.
2025-05-09 06:58:45,789 - WARNING : There is currently no active bounding box to manipulate.
2025-05-09 06:58:46,034 - WARNING : There is currently no active bounding box to manipulate.
2025-05-09 06:58:46,255 - WARNING : There is currently no active bounding box to manipulate.
2025-05-09 06:58:50,316 - WARNING : There is currently no active bounding box to manipulate.
2025-05-09 06:58:50,316 - WARNING : There is currently no active bounding box to manipulate.
2025-05-09 06:58:50,316 - WARNING : There is currently no active bounding box to manipulate.
2025-05-09 06:59:47,225 - ERROR   :  Skipping the loading of labels for this point cloud ...
NoneType: None
2025-05-09 06:59:47,226 - ERROR   : Calibration file not found
Traceback (most recent call last):
  File "/usr/local/lib/python3.10/dist-packages/labelCloud/io/labels/kitti.py", line 154, in export_labels
    self._get_transforms(pcd_path)
  File "/usr/local/lib/python3.10/dist-packages/labelCloud/io/labels/kitti.py", line 207, in _get_transforms
    raise CalibrationFileNotFound(calib_path, pcd_path.name)
labelCloud.io.labels.kitti.CalibrationFileNotFound: There is no calibration file at innoviz_00006.txt for point cloud innoviz_00006.bin. If you want to load labels in lidar frame without transformation use the label format 'kitti_untransformed'.
2025-05-09 06:59:47,227 - WARNING : Skipping writing of labels for this point cloud
2025-05-09 06:59:54,638 - ERROR   :  Skipping the loading of labels for this point cloud ...
NoneType: None
2025-05-09 06:59:54,639 - ERROR   : Calibration file not found
Traceback (most recent call last):
  File "/usr/local/lib/python3.10/dist-packages/labelCloud/io/labels/kitti.py", line 154, in export_labels
    self._get_transforms(pcd_path)
  File "/usr/local/lib/python3.10/dist-packages/labelCloud/io/labels/kitti.py", line 207, in _get_transforms
    raise CalibrationFileNotFound(calib_path, pcd_path.name)
labelCloud.io.labels.kitti.CalibrationFileNotFound: There is no calibration file at innoviz_00006.txt for point cloud innoviz_00006.bin. If you want to load labels in lidar frame without transformation use the label format 'kitti_untransformed'.
2025-05-09 06:59:54,639 - WARNING : Skipping writing of labels for this point cloud
2025-05-09 06:59:55,010 - ERROR   :  Skipping the loading of labels for this point cloud ...
NoneType: None
2025-05-09 06:59:55,010 - ERROR   : Calibration file not found
Traceback (most recent call last):
  File "/usr/local/lib/python3.10/dist-packages/labelCloud/io/labels/kitti.py", line 154, in export_labels
    self._get_transforms(pcd_path)
  File "/usr/local/lib/python3.10/dist-packages/labelCloud/io/labels/kitti.py", line 207, in _get_transforms
    raise CalibrationFileNotFound(calib_path, pcd_path.name)
labelCloud.io.labels.kitti.CalibrationFileNotFound: There is no calibration file at innoviz_00006.txt for point cloud innoviz_00006.bin. If you want to load labels in lidar frame without transformation use the label format 'kitti_untransformed'.
2025-05-09 06:59:55,010 - WARNING : Skipping writing of labels for this point cloud
2025-05-09 06:59:55,422 - ERROR   :  Skipping the loading of labels for this point cloud ...
NoneType: None
2025-05-09 06:59:55,422 - ERROR   : Calibration file not found
Traceback (most recent call last):
  File "/usr/local/lib/python3.10/dist-packages/labelCloud/io/labels/kitti.py", line 154, in export_labels
    self._get_transforms(pcd_path)
  File "/usr/local/lib/python3.10/dist-packages/labelCloud/io/labels/kitti.py", line 207, in _get_transforms
    raise CalibrationFileNotFound(calib_path, pcd_path.name)
labelCloud.io.labels.kitti.CalibrationFileNotFound: There is no calibration file at innoviz_00006.txt for point cloud innoviz_00006.bin. If you want to load labels in lidar frame without transformation use the label format 'kitti_untransformed'.
2025-05-09 06:59:55,422 - WARNING : Skipping writing of labels for this point cloud
2025-05-09 07:00:14,260 - ERROR   :  Skipping the loading of labels for this point cloud ...
NoneType: None
2025-05-09 07:00:14,260 - ERROR   : Calibration file not found
Traceback (most recent call last):
  File "/usr/local/lib/python3.10/dist-packages/labelCloud/io/labels/kitti.py", line 154, in export_labels
    self._get_transforms(pcd_path)
  File "/usr/local/lib/python3.10/dist-packages/labelCloud/io/labels/kitti.py", line 207, in _get_transforms
    raise CalibrationFileNotFound(calib_path, pcd_path.name)
labelCloud.io.labels.kitti.CalibrationFileNotFound: There is no calibration file at innoviz_00006.txt for point cloud innoviz_00006.bin. If you want to load labels in lidar frame without transformation use the label format 'kitti_untransformed'.
2025-05-09 07:00:14,260 - WARNING : Skipping writing of labels for this point cloud
2025-05-09 07:00:23,668 - INFO    : Closing window after saving ...
2025-05-09 07:00:23,668 - ERROR   :  Skipping the loading of labels for this point cloud ...
NoneType: None
2025-05-09 07:00:23,668 - ERROR   : Calibration file not found
Traceback (most recent call last):
  File "/usr/local/lib/python3.10/dist-packages/labelCloud/io/labels/kitti.py", line 154, in export_labels
    self._get_transforms(pcd_path)
  File "/usr/local/lib/python3.10/dist-packages/labelCloud/io/labels/kitti.py", line 207, in _get_transforms
    raise CalibrationFileNotFound(calib_path, pcd_path.name)
labelCloud.io.labels.kitti.CalibrationFileNotFound: There is no calibration file at innoviz_00006.txt for point cloud innoviz_00006.bin. If you want to load labels in lidar frame without transformation use the label format 'kitti_untransformed'.
2025-05-09 07:00:23,668 - WARNING : Skipping writing of labels for this point cloud
